0 info it worked if it ends with ok
1 verbose cli [ '/usr/local/bin/node', '/usr/local/bin/npm', 'run', 'watch' ]
2 info using npm@3.6.0
3 info using node@v5.6.0
4 verbose run-script [ 'prewatch', 'watch', 'postwatch' ]
5 info lifecycle app-malvinas-russell@0.1.0~prewatch: app-malvinas-russell@0.1.0
6 silly lifecycle app-malvinas-russell@0.1.0~prewatch: no script for prewatch, continuing
7 info lifecycle app-malvinas-russell@0.1.0~watch: app-malvinas-russell@0.1.0
8 verbose lifecycle app-malvinas-russell@0.1.0~watch: unsafe-perm in lifecycle true
9 verbose lifecycle app-malvinas-russell@0.1.0~watch: PATH: /usr/local/lib/node_modules/npm/bin/node-gyp-bin:/home/app-malvinas-russell/node_modules/.bin:/usr/local/sbin:/usr/local/bin:/usr/sbin:/usr/bin:/sbin:/bin
10 verbose lifecycle app-malvinas-russell@0.1.0~watch: CWD: /home/app-malvinas-russell
11 silly lifecycle app-malvinas-russell@0.1.0~watch: Args: [ '-c',
11 silly lifecycle   'node server.js & watchify src/index.js -o build/assets/bundle.js' ]
12 silly lifecycle app-malvinas-russell@0.1.0~watch: Returned: code: 1  signal: null
13 info lifecycle app-malvinas-russell@0.1.0~watch: Failed to exec watch script
14 verbose stack Error: app-malvinas-russell@0.1.0 watch: `node server.js & watchify src/index.js -o build/assets/bundle.js`
14 verbose stack Exit status 1
14 verbose stack     at EventEmitter.<anonymous> (/usr/local/lib/node_modules/npm/lib/utils/lifecycle.js:232:16)
14 verbose stack     at emitTwo (events.js:100:13)
14 verbose stack     at EventEmitter.emit (events.js:185:7)
14 verbose stack     at ChildProcess.<anonymous> (/usr/local/lib/node_modules/npm/lib/utils/spawn.js:24:14)
14 verbose stack     at emitTwo (events.js:100:13)
14 verbose stack     at ChildProcess.emit (events.js:185:7)
14 verbose stack     at maybeClose (internal/child_process.js:827:16)
14 verbose stack     at Process.ChildProcess._handle.onexit (internal/child_process.js:211:5)
15 verbose pkgid app-malvinas-russell@0.1.0
16 verbose cwd /home/app-malvinas-russell
17 error Linux 4.1.17-boot2docker
18 error argv "/usr/local/bin/node" "/usr/local/bin/npm" "run" "watch"
19 error node v5.6.0
20 error npm  v3.6.0
21 error code ELIFECYCLE
22 error app-malvinas-russell@0.1.0 watch: `node server.js & watchify src/index.js -o build/assets/bundle.js`
22 error Exit status 1
23 error Failed at the app-malvinas-russell@0.1.0 watch script 'node server.js & watchify src/index.js -o build/assets/bundle.js'.
23 error Make sure you have the latest version of node.js and npm installed.
23 error If you do, this is most likely a problem with the app-malvinas-russell package,
23 error not with npm itself.
23 error Tell the author that this fails on your system:
23 error     node server.js & watchify src/index.js -o build/assets/bundle.js
23 error You can get information on how to open an issue for this project with:
23 error     npm bugs app-malvinas-russell
23 error Or if that isn't available, you can get their info via:
23 error     npm owner ls app-malvinas-russell
23 error There is likely additional logging output above.
24 verbose exit [ 1, true ]
